{
  "RSpec": {
    "coverage": {
      "/home/dev/src/flms/app/controllers/application_controller.rb": [
        1,
        1,
        null
      ],
      "/home/dev/src/flms/app/helpers/application_helper.rb": [
        1,
        null
      ],
      "/home/dev/src/flms/app/helpers/members_helper.rb": [
        1,
        null
      ],
      "/home/dev/src/flms/app/helpers/teams_helper.rb": [
        1,
        null
      ],
      "/home/dev/src/flms/app/controllers/members_controller.rb": [
        1,
        null,
        null,
        null,
        1,
        4,
        4,
        4,
        null,
        null,
        null,
        null,
        null,
        1,
        3,
        3,
        3,
        null,
        null,
        null,
        null,
        null,
        1,
        7,
        7,
        7,
        8,
        4,
        null,
        6,
        3,
        null,
        null,
        null,
        null,
        null,
        1,
        3,
        null,
        null,
        null,
        null,
        1,
        6,
        null,
        6,
        6,
        4,
        2,
        null,
        8,
        4,
        null,
        null,
        null,
        null,
        null,
        null,
        1,
        2,
        2,
        2,
        4,
        2,
        null,
        null,
        null,
        null
      ],
      "/home/dev/src/flms/app/models/member.rb": [
        1,
        1,
        1,
        null,
        1,
        1,
        1,
        1,
        null,
        1,
        null,
        1,
        null,
        null,
        null,
        1,
        null,
        null,
        null,
        1,
        null,
        null,
        null,
        null,
        1,
        1,
        null,
        1,
        null,
        null,
        null,
        null,
        null,
        null,
        null,
        1,
        2,
        null,
        null,
        1,
        2,
        null,
        null,
        null
      ],
      "/home/dev/src/flms/app/controllers/teams_controller.rb": [
        1,
        null,
        null,
        1,
        1,
        null,
        1,
        1,
        1,
        null,
        null,
        null,
        null,
        null,
        1,
        0,
        null,
        0,
        0,
        0,
        null,
        null,
        null,
        null,
        null,
        1,
        0,
        null,
        0,
        0,
        0,
        null,
        null,
        null,
        null,
        1,
        0,
        null,
        null,
        null,
        null,
        1,
        0,
        null,
        0,
        0,
        null,
        0,
        0,
        null,
        0,
        0,
        null,
        null,
        null,
        null,
        null,
        null,
        1,
        0,
        null,
        0,
        0,
        0,
        0,
        null,
        0,
        0,
        null,
        null,
        null,
        null,
        null,
        null,
        1,
        0,
        0,
        null,
        0,
        0,
        0,
        null,
        null,
        null
      ],
      "/home/dev/src/flms/app/models/team.rb": [
        1,
        1,
        null,
        1,
        null,
        null,
        1,
        null,
        null,
        null,
        null,
        1,
        null,
        null,
        null,
        null,
        1,
        null,
        null,
        null,
        null,
        null,
        1,
        null,
        null,
        null,
        null,
        null,
        1,
        null,
        1,
        null,
        null,
        null,
        null,
        1,
        3,
        null,
        null,
        null,
        1,
        0,
        null,
        null,
        null
      ],
      "/home/dev/src/flms/app/models/game_team.rb": [
        1,
        1,
        null,
        1,
        null,
        1,
        null,
        null,
        null,
        null,
        null,
        null,
        null,
        1,
        null,
        null,
        1,
        null,
        null,
        null,
        1,
        null,
        null,
        1,
        1,
        null,
        1,
        8,
        null,
        null,
        1,
        0,
        null,
        null,
        1,
        0,
        null,
        null,
        null
      ],
      "/home/dev/src/flms/app/models/game_member.rb": [
        1,
        1,
        null,
        1,
        null,
        null,
        null,
        1,
        null,
        null,
        null,
        1,
        null,
        1,
        null,
        null,
        1,
        null,
        null,
        1,
        null,
        1,
        null,
        1,
        2,
        null,
        null,
        1,
        2,
        null,
        null,
        1,
        6,
        6,
        6,
        6,
        null,
        null,
        null
      ],
      "/home/dev/src/flms/app/models/game.rb": [
        null,
        1,
        1,
        null,
        null,
        null,
        null,
        null,
        1,
        null,
        null,
        null,
        null,
        1,
        null,
        null,
        null,
        null,
        1,
        null,
        null,
        1,
        null,
        null,
        null,
        null
      ],
      "/home/dev/src/flms/app/models/game_progress.rb": [
        1,
        1,
        1,
        1,
        null,
        null,
        null,
        null,
        1,
        null,
        null,
        1,
        null,
        null,
        null
      ],
      "/home/dev/src/flms/app/models/position.rb": [
        1,
        1,
        null,
        1,
        null,
        null,
        null,
        null
      ],
      "/home/dev/src/flms/app/models/team_member.rb": [
        1,
        1,
        1,
        null,
        1,
        null,
        null,
        null,
        1,
        null,
        null
      ]
    },
    "timestamp": 1335252231
  }
}
